<?xml version="1.0" encoding="UTF-8"?>
<!-- Generated by org.testng.reporters.JUnitXMLReporter -->
<testsuite ignored="0" hostname="LTIN520476" failures="0" tests="1" name="Test" time="0.121" errors="0" timestamp="2024-03-28T11:02:56 IST">
  <testcase classname="TestBase.BaseClass" name="@BeforeClass driverSetup" time="-1.711603976389E9">
    <failure type="org.testng.TestNGException" message="
Method driverSetup requires 2 parameters but 1 were supplied in the BeforeClass annotation.">
      <![CDATA[org.testng.TestNGException: 
Method driverSetup requires 2 parameters but 1 were supplied in the BeforeClass annotation.
at java.base/java.util.ArrayList.forEach(ArrayList.java:1511)
... Removed 22 stack frames]]>
    </failure>
  </testcase> <!-- @BeforeClass driverSetup -->
  <testcase classname="TestBase.BaseClass" name="@AfterClass tearDown" time="0.0">
    <skipped/>
  </testcase> <!-- @AfterClass tearDown -->
  <testcase classname="TestCases.TS01_UpcomingBikes" name="hondaBike" time="0.0">
    <skipped/>
  </testcase> <!-- hondaBike -->
</testsuite> <!-- Test -->
